main:
          35, Loop not vectorized: recurrence
              Loop unrolled 2 times
gate_fnv1a64_bytes:
      2, include "gate.h"
          15, Loop not vectorized: recurrence
              Loop unrolled 2 times
GATE_CHECKSUM_BYTES:
          15, Loop not vectorized: recurrence
              Loop unrolled 2 times
logo:
          32, Loop not vectorized/parallelized: contains call
          32, Loop not vectorized/parallelized: contains call
center_print:
     32, Loop not vectorized/parallelized: contains call
print_results:
          32, Loop not vectorized/parallelized: contains call
print_inputs:
          20, Loop not vectorized/parallelized: contains call
          23, Loop not vectorized/parallelized: contains call
          32, Loop not vectorized/parallelized: contains call
          32, Loop not vectorized/parallelized: contains call
read_CLI:
    288, Loop not vectorized/parallelized: contains call
"Simulation.c", line 6: warning: function "move_simulation_data_to_device" declared implicitly [implicit_func_decl]
          SimulationData GSD = move_simulation_data_to_device(in, mype, SD);
                               ^

Remark: individual warnings can be suppressed with "--diag_suppress <warning-name>"

"Simulation.c", line 6: error: a value of type "int" cannot be used to initialize an entity of type "SimulationData" (aka "struct <unnamed>")
          SimulationData GSD = move_simulation_data_to_device(in, mype, SD);
                               ^

"Simulation.c", line 18: warning: function "gpuErrchk" declared implicitly [implicit_func_decl]
  			gpuErrchk( cudaDeviceSynchronize() );
  			^

"Simulation.c", line 18: warning: function "cudaDeviceSynchronize" declared implicitly [implicit_func_decl]
  			gpuErrchk( cudaDeviceSynchronize() );
  			           ^

"Simulation.c", line 21: error: identifier "xs_lookup_kernel_baseline" is undefined
  		xs_lookup_kernel_baseline<<<nblocks, nthreads>>>( in, GSD );
  		^

"Simulation.c", line 21: error: expected an expression
  		xs_lookup_kernel_baseline<<<nblocks, nthreads>>>( in, GSD );
  		                           ^

"Simulation.c", line 23: warning: function "gpuErrchk" declared implicitly [implicit_func_decl]
  	gpuErrchk( cudaPeekAtLastError() );
  	^

"Simulation.c", line 23: warning: function "cudaPeekAtLastError" declared implicitly [implicit_func_decl]
  	gpuErrchk( cudaPeekAtLastError() );
  	           ^

"Simulation.c", line 24: warning: function "cudaDeviceSynchronize" declared implicitly [implicit_func_decl]
  	gpuErrchk( cudaDeviceSynchronize() );
  	           ^

"Simulation.c", line 29: warning: function "cudaMemcpy" declared implicitly [implicit_func_decl]
          gpuErrchk(cudaMemcpy(SD.verification, GSD.verification, in.lookups * sizeof(unsigned long), cudaMemcpyDeviceToHost) );
                    ^

"Simulation.c", line 29: error: identifier "cudaMemcpyDeviceToHost" is undefined
          gpuErrchk(cudaMemcpy(SD.verification, GSD.verification, in.lookups * sizeof(unsigned long), cudaMemcpyDeviceToHost) );
                                                                                                      ^

"Simulation.c", line 36: warning: function "release_device_memory" declared implicitly [implicit_func_decl]
          release_device_memory(GSD);
          ^

"Simulation.c", line 41: warning: this declaration has no storage class or type specifier [missing_decl_specifiers]
  __global__ void xs_lookup_kernel_baseline(Inputs in, SimulationData GSD )
  ^

"Simulation.c", line 41: error: expected a ";"
  __global__ void xs_lookup_kernel_baseline(Inputs in, SimulationData GSD )
             ^

"Simulation.c", line 72: warning: parsing restarts here after previous syntax error [end_of_flush]
          );
           ^

"Simulation.c", line 76: error: expected a declaration
          for(int j = 0; j < 5; j++ )
          ^

"Simulation.c", line 84: warning: parsing restarts here after previous syntax error [end_of_flush]
          GSD.verification[i] = max_idx+1;
                                         ^

"Simulation.c", line 85: error: expected a declaration
  }
  ^

"Simulation.c", line 112: warning: parsing restarts here after previous syntax error [end_of_flush]
                          low = &nuclide_grids[nuc*n_gridpoints + index_data[idx * n_isotopes + nuc]];
                                                                                                     ^

"Simulation.c", line 113: error: expected a declaration
          }
          ^

"Simulation.c", line 136: warning: parsing restarts here after previous syntax error [end_of_flush]
                          low = &nuclide_grids[nuc*n_gridpoints + lower - 1];
                                                                            ^

"Simulation.c", line 137: error: expected a declaration
                  else
                  ^

"Simulation.c", line 139: error: expected a declaration
          }
          ^

"Simulation.c", line 143: warning: this declaration has no storage class or type specifier [missing_decl_specifiers]
          f = (high->energy - p_energy) / (high->energy - low->energy);
          ^

"Simulation.c", line 143: error: identifier "high" is undefined
          f = (high->energy - p_energy) / (high->energy - low->energy);
               ^

"Simulation.c", line 143: error: identifier "p_energy" is undefined
          f = (high->energy - p_energy) / (high->energy - low->energy);
                              ^

"Simulation.c", line 143: error: identifier "low" is undefined
          f = (high->energy - p_energy) / (high->energy - low->energy);
                                                          ^

"Simulation.c", line 145: warning: this declaration has no storage class or type specifier [missing_decl_specifiers]
          xs_vector[0] = high->total_xs - f * (high->total_xs - low->total_xs);
          ^

"Simulation.c", line 145: error: expression must have a constant value
          xs_vector[0] = high->total_xs - f * (high->total_xs - low->total_xs);
                                          ^

"Simulation.c", line 147: warning: this declaration has no storage class or type specifier [missing_decl_specifiers]
          xs_vector[1] = high->elastic_xs - f * (high->elastic_xs - low->elastic_xs);
          ^

"Simulation.c", line 147: error: variable "xs_vector" has already been initialized
          xs_vector[1] = high->elastic_xs - f * (high->elastic_xs - low->elastic_xs);
          ^

"Simulation.c", line 147: error: expression must have a constant value
          xs_vector[1] = high->elastic_xs - f * (high->elastic_xs - low->elastic_xs);
                                            ^

"Simulation.c", line 149: warning: this declaration has no storage class or type specifier [missing_decl_specifiers]
          xs_vector[2] = high->absorbtion_xs - f * (high->absorbtion_xs - low->absorbtion_xs);
          ^

"Simulation.c", line 149: error: declaration is incompatible with "int xs_vector[1]" (declared at line 147)
          xs_vector[2] = high->absorbtion_xs - f * (high->absorbtion_xs - low->absorbtion_xs);
          ^

"Simulation.c", line 149: error: expression must have a constant value
          xs_vector[2] = high->absorbtion_xs - f * (high->absorbtion_xs - low->absorbtion_xs);
                                               ^

"Simulation.c", line 151: warning: this declaration has no storage class or type specifier [missing_decl_specifiers]
          xs_vector[3] = high->fission_xs - f * (high->fission_xs - low->fission_xs);
          ^

"Simulation.c", line 151: error: declaration is incompatible with "int xs_vector[1]" (declared at line 149)
          xs_vector[3] = high->fission_xs - f * (high->fission_xs - low->fission_xs);
          ^

"Simulation.c", line 151: error: expression must have a constant value
          xs_vector[3] = high->fission_xs - f * (high->fission_xs - low->fission_xs);
                                            ^

"Simulation.c", line 153: warning: this declaration has no storage class or type specifier [missing_decl_specifiers]
          xs_vector[4] = high->nu_fission_xs - f * (high->nu_fission_xs - low->nu_fission_xs);
          ^

"Simulation.c", line 153: error: declaration is incompatible with "int xs_vector[1]" (declared at line 151)
          xs_vector[4] = high->nu_fission_xs - f * (high->nu_fission_xs - low->nu_fission_xs);
          ^

"Simulation.c", line 153: error: expression must have a constant value
          xs_vector[4] = high->nu_fission_xs - f * (high->nu_fission_xs - low->nu_fission_xs);
                                               ^

"Simulation.c", line 154: error: expected a declaration
  }
  ^

"Simulation.c", line 185: warning: parsing restarts here after previous syntax error [end_of_flush]
                                     nuclide_grids, idx, xs_vector, grid_type, hash_bins );
                                                                                          ^

"Simulation.c", line 186: error: expected a declaration
                  for( int k = 0; k < 5; k++ )
                  ^

"Simulation.c", line 188: error: expected a declaration
          }
          ^

"Simulation.c", line 258: warning: parsing restarts here after previous syntax error [end_of_flush]
                          running += dist[j];
                                            ^

"Simulation.c", line 259: error: expected a declaration
                  if( roll < running )
                  ^

"Simulation.c", line 261: error: expected a declaration
          }
          ^

"Simulation.c", line 264: error: expected a declaration
  }
  ^

"Simulation.c", line 298: warning: parsing restarts here after previous syntax error [end_of_flush]
                  n >>= 1;
                         ^

"Simulation.c", line 299: error: expected a declaration
          }
          ^

"Simulation.c", line 302: error: expected a declaration
  }
  ^

"Simulation.c", line 326: warning: parsing restarts here after previous syntax error [end_of_flush]
          if( mype == 0)	printf("Beginning optimized simulation...\n");
                        	                                             ^

"Simulation.c", line 329: error: identifier "in" is undefined
          int nblocks = ceil( (double) in.lookups / 32.0);
                                       ^

"Simulation.c", line 329: error: function call is not allowed in a constant expression
          int nblocks = ceil( (double) in.lookups / 32.0);
                            ^

"Simulation.c", line 331: warning: this declaration has no storage class or type specifier [missing_decl_specifiers]
          sampling_kernel<<<nblocks, nthreads>>>( in, GSD );
          ^

"Simulation.c", line 331: error: expected a ";"
          sampling_kernel<<<nblocks, nthreads>>>( in, GSD );
                         ^

"Simulation.c", line 332: error: identifier "cudaPeekAtLastError" is undefined
          gpuErrchk( cudaPeekAtLastError() );
                     ^

"Simulation.c", line 332: warning: this declaration has no storage class or type specifier [missing_decl_specifiers]
          gpuErrchk( cudaPeekAtLastError() );
          ^

"Simulation.c", line 333: error: identifier "cudaDeviceSynchronize" is undefined
          gpuErrchk( cudaDeviceSynchronize() );
                     ^

"Simulation.c", line 333: warning: this declaration has no storage class or type specifier [missing_decl_specifiers]
          gpuErrchk( cudaDeviceSynchronize() );
          ^

"Simulation.c", line 335: warning: this declaration has no storage class or type specifier [missing_decl_specifiers]
          xs_lookup_kernel_optimization_1<<<nblocks, nthreads>>>( in, GSD );
          ^

"Simulation.c", line 335: error: expected a ";"
          xs_lookup_kernel_optimization_1<<<nblocks, nthreads>>>( in, GSD );
                                         ^

"Simulation.c", line 336: error: identifier "cudaPeekAtLastError" is undefined
          gpuErrchk( cudaPeekAtLastError() );
                     ^

"Simulation.c", line 336: warning: this declaration has no storage class or type specifier [missing_decl_specifiers]
          gpuErrchk( cudaPeekAtLastError() );
          ^

"Simulation.c", line 337: error: identifier "cudaDeviceSynchronize" is undefined
          gpuErrchk( cudaDeviceSynchronize() );
                     ^

"Simulation.c", line 337: warning: this declaration has no storage class or type specifier [missing_decl_specifiers]
          gpuErrchk( cudaDeviceSynchronize() );
          ^

"Simulation.c", line 339: error: expected a declaration
          if( mype == 0)	printf("Reducing verification results...\n");
          ^

"Simulation.c", line 341: error: identifier "thrust" is undefined
          unsigned long verification_scalar = thrust::reduce(thrust::device, GSD.verification, GSD.verification + in.lookups, 0);
                                              ^

"Simulation.c", line 341: error: expected a ";"
          unsigned long verification_scalar = thrust::reduce(thrust::device, GSD.verification, GSD.verification + in.lookups, 0);
                                                    ^

"Simulation.c", line 342: error: identifier "cudaPeekAtLastError" is undefined
          gpuErrchk( cudaPeekAtLastError() );
                     ^

"Simulation.c", line 342: warning: this declaration has no storage class or type specifier [missing_decl_specifiers]
          gpuErrchk( cudaPeekAtLastError() );
          ^

"Simulation.c", line 343: error: identifier "cudaDeviceSynchronize" is undefined
          gpuErrchk( cudaDeviceSynchronize() );
                     ^

"Simulation.c", line 343: warning: this declaration has no storage class or type specifier [missing_decl_specifiers]
          gpuErrchk( cudaDeviceSynchronize() );
          ^

"Simulation.c", line 345: error: expected a declaration
          return verification_scalar;
          ^

"Simulation.c", line 346: error: expected a declaration
  }
  ^

"Simulation.c", line 392: warning: parsing restarts here after previous syntax error [end_of_flush]
          );
           ^

"Simulation.c", line 394: error: variable "max" has already been initialized
          double max = -1.0;
                 ^

"Simulation.c", line 395: error: variable "max_idx" has already been initialized
          int max_idx = 0;
              ^

"Simulation.c", line 396: error: expected a declaration
          for(int j = 0; j < 5; j++ )
          ^

"Simulation.c", line 404: warning: parsing restarts here after previous syntax error [end_of_flush]
          GSD.verification[i] = max_idx+1;
                                         ^

"Simulation.c", line 405: error: expected a declaration
  }
  ^

"Simulation.c", line 429: warning: parsing restarts here after previous syntax error [end_of_flush]
          if( mype == 0)	printf("Beginning optimized simulation...\n");
                        	                                             ^

"Simulation.c", line 431: error: variable "nthreads" has already been initialized
          int nthreads = 32;
              ^

"Simulation.c", line 432: error: variable "nblocks" has already been initialized
          int nblocks = ceil( (double) in.lookups / 32.0);
              ^

"Simulation.c", line 432: error: function call is not allowed in a constant expression
          int nblocks = ceil( (double) in.lookups / 32.0);
                            ^

"Simulation.c", line 434: warning: this declaration has no storage class or type specifier [missing_decl_specifiers]
          sampling_kernel<<<nblocks, nthreads>>>( in, GSD );
          ^

"Simulation.c", line 434: error: expected a ";"
          sampling_kernel<<<nblocks, nthreads>>>( in, GSD );
                         ^

"Simulation.c", line 435: error: identifier "cudaPeekAtLastError" is undefined
          gpuErrchk( cudaPeekAtLastError() );
                     ^

"Simulation.c", line 435: warning: this declaration has no storage class or type specifier [missing_decl_specifiers]
          gpuErrchk( cudaPeekAtLastError() );
          ^

"Simulation.c", line 436: error: identifier "cudaDeviceSynchronize" is undefined
          gpuErrchk( cudaDeviceSynchronize() );
                     ^

"Simulation.c", line 436: warning: this declaration has no storage class or type specifier [missing_decl_specifiers]
          gpuErrchk( cudaDeviceSynchronize() );
          ^

"Simulation.c", line 438: error: expected a declaration
          for( int m = 0; m < 12; m++ )
          ^

"Simulation.c", line 440: error: identifier "cudaPeekAtLastError" is undefined
          gpuErrchk( cudaPeekAtLastError() );
                     ^

"Simulation.c", line 440: warning: this declaration has no storage class or type specifier [missing_decl_specifiers]
          gpuErrchk( cudaPeekAtLastError() );
          ^

"Simulation.c", line 441: error: identifier "cudaDeviceSynchronize" is undefined
          gpuErrchk( cudaDeviceSynchronize() );
                     ^

"Simulation.c", line 441: warning: this declaration has no storage class or type specifier [missing_decl_specifiers]
          gpuErrchk( cudaDeviceSynchronize() );
          ^

"Simulation.c", line 443: error: expected a declaration
          if( mype == 0)	printf("Reducing verification results...\n");
          ^

"Simulation.c", line 445: error: variable "verification_scalar" has already been initialized
          unsigned long verification_scalar = thrust::reduce(thrust::device, GSD.verification, GSD.verification + in.lookups, 0);
                        ^

"Simulation.c", line 445: error: expected a ";"
          unsigned long verification_scalar = thrust::reduce(thrust::device, GSD.verification, GSD.verification + in.lookups, 0);
                                                    ^

"Simulation.c", line 446: error: identifier "cudaPeekAtLastError" is undefined
          gpuErrchk( cudaPeekAtLastError() );
                     ^

"Simulation.c", line 446: warning: this declaration has no storage class or type specifier [missing_decl_specifiers]
          gpuErrchk( cudaPeekAtLastError() );
          ^

"Simulation.c", line 447: error: identifier "cudaDeviceSynchronize" is undefined
          gpuErrchk( cudaDeviceSynchronize() );
                     ^

"Simulation.c", line 447: warning: this declaration has no storage class or type specifier [missing_decl_specifiers]
          gpuErrchk( cudaDeviceSynchronize() );
          ^

"Simulation.c", line 449: error: expected a declaration
          return verification_scalar;
          ^

"Simulation.c", line 450: error: expected a declaration
  }
  ^

"Simulation.c", line 481: warning: parsing restarts here after previous syntax error [end_of_flush]
          );
           ^

"Simulation.c", line 483: error: variable "max" has already been initialized
          double max = -1.0;
                 ^

"Simulation.c", line 484: error: variable "max_idx" has already been initialized
          int max_idx = 0;
              ^

"Simulation.c", line 485: error: expected a declaration
          for(int j = 0; j < 5; j++ )
          ^

"Simulation.c", line 493: warning: parsing restarts here after previous syntax error [end_of_flush]
          GSD.verification[i] = max_idx+1;
                                         ^

"Simulation.c", line 494: error: expected a declaration
  }
  ^

"Simulation.c", line 518: warning: parsing restarts here after previous syntax error [end_of_flush]
          if( mype == 0)	printf("Beginning optimized simulation...\n");
                        	                                             ^

"Simulation.c", line 520: error: variable "nthreads" has already been initialized
          int nthreads = 32;
              ^

"Simulation.c", line 521: error: variable "nblocks" has already been initialized
          int nblocks = ceil( (double) in.lookups / 32.0);
              ^

"Simulation.c", line 521: error: function call is not allowed in a constant expression
          int nblocks = ceil( (double) in.lookups / 32.0);
                            ^

"Simulation.c", line 523: warning: this declaration has no storage class or type specifier [missing_decl_specifiers]
          sampling_kernel<<<nblocks, nthreads>>>( in, GSD );
          ^

"Simulation.c", line 523: error: expected a ";"
          sampling_kernel<<<nblocks, nthreads>>>( in, GSD );
                         ^

"Simulation.c", line 524: error: identifier "cudaPeekAtLastError" is undefined
          gpuErrchk( cudaPeekAtLastError() );
                     ^

"Simulation.c", line 524: warning: this declaration has no storage class or type specifier [missing_decl_specifiers]
          gpuErrchk( cudaPeekAtLastError() );
          ^

"Simulation.c", line 525: error: identifier "cudaDeviceSynchronize" is undefined
          gpuErrchk( cudaDeviceSynchronize() );
                     ^

"Simulation.c", line 525: warning: this declaration has no storage class or type specifier [missing_decl_specifiers]
          gpuErrchk( cudaDeviceSynchronize() );
          ^

"Simulation.c", line 527: warning: this declaration has no storage class or type specifier [missing_decl_specifiers]
          xs_lookup_kernel_optimization_3<<<nblocks, nthreads>>>( in, GSD, 0 );
          ^

"Simulation.c", line 527: error: expected a ";"
          xs_lookup_kernel_optimization_3<<<nblocks, nthreads>>>( in, GSD, 0 );
                                         ^

"Simulation.c", line 528: warning: this declaration has no storage class or type specifier [missing_decl_specifiers]
          xs_lookup_kernel_optimization_3<<<nblocks, nthreads>>>( in, GSD, 1 );
          ^

"Simulation.c", line 528: error: expected a ";"
          xs_lookup_kernel_optimization_3<<<nblocks, nthreads>>>( in, GSD, 1 );
                                         ^

"Simulation.c", line 529: error: identifier "cudaPeekAtLastError" is undefined
          gpuErrchk( cudaPeekAtLastError() );
                     ^

"Simulation.c", line 529: warning: this declaration has no storage class or type specifier [missing_decl_specifiers]
          gpuErrchk( cudaPeekAtLastError() );
          ^

"Simulation.c", line 530: error: identifier "cudaDeviceSynchronize" is undefined
          gpuErrchk( cudaDeviceSynchronize() );
                     ^

"Simulation.c", line 530: warning: this declaration has no storage class or type specifier [missing_decl_specifiers]
          gpuErrchk( cudaDeviceSynchronize() );
          ^

"Simulation.c", line 532: error: expected a declaration
          if( mype == 0)	printf("Reducing verification results...\n");
          ^

"Simulation.c", line 534: error: variable "verification_scalar" has already been initialized
          unsigned long verification_scalar = thrust::reduce(thrust::device, GSD.verification, GSD.verification + in.lookups, 0);
                        ^

"Simulation.c", line 534: error: expected a ";"
          unsigned long verification_scalar = thrust::reduce(thrust::device, GSD.verification, GSD.verification + in.lookups, 0);
                                                    ^

"Simulation.c", line 535: error: identifier "cudaPeekAtLastError" is undefined
          gpuErrchk( cudaPeekAtLastError() );
                     ^

"Simulation.c", line 535: warning: this declaration has no storage class or type specifier [missing_decl_specifiers]
          gpuErrchk( cudaPeekAtLastError() );
          ^

"Simulation.c", line 536: error: identifier "cudaDeviceSynchronize" is undefined
          gpuErrchk( cudaDeviceSynchronize() );
                     ^

"Simulation.c", line 536: warning: this declaration has no storage class or type specifier [missing_decl_specifiers]
          gpuErrchk( cudaDeviceSynchronize() );
          ^

"Simulation.c", line 538: error: expected a declaration
          return verification_scalar;
          ^

"Simulation.c", line 539: error: expected a declaration
  }
  ^

"Simulation.c", line 570: warning: parsing restarts here after previous syntax error [end_of_flush]
                  );
                   ^

"Simulation.c", line 572: error: variable "max" has already been initialized
                  double max = -1.0;
                         ^

"Simulation.c", line 573: error: variable "max_idx" has already been initialized
                  int max_idx = 0;
                      ^

"Simulation.c", line 574: error: expected a declaration
                  for(int j = 0; j < 5; j++ )
                  ^

"Simulation.c", line 582: warning: parsing restarts here after previous syntax error [end_of_flush]
                  GSD.verification[i] = max_idx+1;
                                                 ^

"Simulation.c", line 583: error: expected a declaration
          }
          ^

"Simulation.c", line 608: warning: parsing restarts here after previous syntax error [end_of_flush]
          if( mype == 0)	printf("Beginning optimized simulation...\n");
                        	                                             ^

"Simulation.c", line 610: error: variable "nthreads" has already been initialized
          int nthreads = 32;
              ^

"Simulation.c", line 611: error: variable "nblocks" has already been initialized
          int nblocks = ceil( (double) in.lookups / 32.0);
              ^

"Simulation.c", line 611: error: function call is not allowed in a constant expression
          int nblocks = ceil( (double) in.lookups / 32.0);
                            ^

"Simulation.c", line 613: warning: this declaration has no storage class or type specifier [missing_decl_specifiers]
          sampling_kernel<<<nblocks, nthreads>>>( in, GSD );
          ^

"Simulation.c", line 613: error: expected a ";"
          sampling_kernel<<<nblocks, nthreads>>>( in, GSD );
                         ^

"Simulation.c", line 614: error: identifier "cudaPeekAtLastError" is undefined
          gpuErrchk( cudaPeekAtLastError() );
                     ^

"Simulation.c", line 614: warning: this declaration has no storage class or type specifier [missing_decl_specifiers]
          gpuErrchk( cudaPeekAtLastError() );
          ^

"Simulation.c", line 615: error: identifier "cudaDeviceSynchronize" is undefined
          gpuErrchk( cudaDeviceSynchronize() );
                     ^

"Simulation.c", line 615: warning: this declaration has no storage class or type specifier [missing_decl_specifiers]
          gpuErrchk( cudaDeviceSynchronize() );
          ^

"Simulation.c", line 618: error: expected a declaration
          for( int m = 0; m < 12; m++ )
          ^

"Simulation.c", line 621: warning: this declaration has no storage class or type specifier [missing_decl_specifiers]
          thrust::sort_by_key(thrust::device, GSD.mat_samples, GSD.mat_samples + in.lookups, GSD.p_energy_samples);
          ^

"Simulation.c", line 621: error: expected a ";"
          thrust::sort_by_key(thrust::device, GSD.mat_samples, GSD.mat_samples + in.lookups, GSD.p_energy_samples);
                ^

"Simulation.c", line 624: error: expected a declaration
          for( int m = 0; m < 12; m++ )
          ^

"Simulation.c", line 631: warning: parsing restarts here after previous syntax error [end_of_flush]
          gpuErrchk( cudaPeekAtLastError() );
                                            ^

"Simulation.c", line 632: error: identifier "cudaDeviceSynchronize" is undefined
          gpuErrchk( cudaDeviceSynchronize() );
                     ^

Error limit reached. Use -fmax-errors=N to change the limit, N=0 for unlimited.
100 errors detected in the compilation of "Simulation.c".
Compilation terminated.
make: *** [Makefile.nvc:64: Simulation.o] Error 2
