main:
          35, Loop not vectorized: recurrence
              Loop unrolled 2 times
gate_fnv1a64_bytes:
      2, include "gate.h"
          15, Loop not vectorized: recurrence
              Loop unrolled 2 times
GATE_CHECKSUM_BYTES:
          15, Loop not vectorized: recurrence
              Loop unrolled 2 times
logo:
          32, Loop not vectorized/parallelized: contains call
          32, Loop not vectorized/parallelized: contains call
center_print:
     32, Loop not vectorized/parallelized: contains call
print_results:
          32, Loop not vectorized/parallelized: contains call
print_inputs:
          20, Loop not vectorized/parallelized: contains call
          23, Loop not vectorized/parallelized: contains call
          32, Loop not vectorized/parallelized: contains call
          32, Loop not vectorized/parallelized: contains call
read_CLI:
    288, Loop not vectorized/parallelized: contains call
"Simulation.c", line 23: error: missing closing quote
          if( mype == 0)	printf("Simulation Kernel:"%s"
                        	                             ^

"Simulation.c", line 24: error: missing closing quote
  ", optimization_name);
  ^

"Simulation.c", line 23: error: identifier "s" is undefined
          if( mype == 0)	printf("Simulation Kernel:"%s"
                        	                            ^

"Simulation.c", line 23: error: expression must have integral type
          if( mype == 0)	printf("Simulation Kernel:"%s"
                        	       ^

"Simulation.c", line 23: error: expected a ")"
          if( mype == 0)	printf("Simulation Kernel:"%s"
                        	                             ^

"Simulation.c", line 26: error: missing closing quote
          if( mype == 0)	printf("Allocating additional device data required by kernel...
                        	       ^

"Simulation.c", line 27: error: missing closing quote
  ");
  ^

"Simulation.c", line 29: warning: parsing restarts here after previous syntax error [end_of_flush]
          size_t total_sz = 0;
                             ^

Remark: individual warnings can be suppressed with "--diag_suppress <warning-name>"

"Simulation.c", line 31: error: identifier "sz" is undefined
          sz = in.lookups * sizeof(double);
          ^

"Simulation.c", line 33: error: identifier "total_sz" is undefined
          total_sz += sz;
          ^

"Simulation.c", line 41: error: missing closing quote
          if( mype == 0)	printf("Allocated an additional %.0lf MB of data on GPU.
                        	       ^

"Simulation.c", line 42: error: missing closing quote
  ", total_sz/1024.0/1024.0);
  ^

"Simulation.c", line 44: error: expected a ")"
          if( mype == 0)	printf("Beginning optimized simulation...
          ^

"Simulation.c", line 44: error: missing closing quote
          if( mype == 0)	printf("Beginning optimized simulation...
                        	       ^

"Simulation.c", line 45: error: missing closing quote
  ");
  ^

"Simulation.c", line 44: internal error: assertion failed: get_token_from...: pragma found in suppress_pragma mode (lexical.cpp, line 4293 in get_token_from_cached_token_rescan_list)

          if( mype == 0)	printf("Beginning optimized simulation...
                        	       ^

14 errors and 1 catastrophic error detected in the compilation of "Simulation.c".
Compilation aborted.
make: *** [Makefile.nvc:64: Simulation.o] Error 2
