"Simulation.cpp", line 6: error: identifier "move_simulation_data_to_device" is undefined
          SimulationData GSD = move_simulation_data_to_device(in, mype, SD);
                               ^

"Simulation.cpp", line 18: error: identifier "cudaDeviceSynchronize" is undefined
  			gpuErrchk( cudaDeviceSynchronize() );
  			           ^

"Simulation.cpp", line 18: error: identifier "gpuErrchk" is undefined
  			gpuErrchk( cudaDeviceSynchronize() );
  			^

"Simulation.cpp", line 21: error: identifier "xs_lookup_kernel_baseline" is undefined
  		xs_lookup_kernel_baseline<<<nblocks, nthreads>>>( in, GSD );
  		^

"Simulation.cpp", line 21: error: expected an expression
  		xs_lookup_kernel_baseline<<<nblocks, nthreads>>>( in, GSD );
  		                           ^

"Simulation.cpp", line 23: error: identifier "cudaPeekAtLastError" is undefined
  	gpuErrchk( cudaPeekAtLastError() );
  	           ^

"Simulation.cpp", line 23: error: identifier "gpuErrchk" is undefined
  	gpuErrchk( cudaPeekAtLastError() );
  	^

"Simulation.cpp", line 24: error: identifier "cudaDeviceSynchronize" is undefined
  	gpuErrchk( cudaDeviceSynchronize() );
  	           ^

"Simulation.cpp", line 29: error: identifier "cudaMemcpyDeviceToHost" is undefined
          gpuErrchk(cudaMemcpy(SD.verification, GSD.verification, in.lookups * sizeof(unsigned long), cudaMemcpyDeviceToHost) );
                                                                                                      ^

"Simulation.cpp", line 29: error: identifier "cudaMemcpy" is undefined
          gpuErrchk(cudaMemcpy(SD.verification, GSD.verification, in.lookups * sizeof(unsigned long), cudaMemcpyDeviceToHost) );
                    ^

"Simulation.cpp", line 36: error: identifier "release_device_memory" is undefined
          release_device_memory(GSD);
          ^

"Simulation.cpp", line 41: error: this declaration has no storage class or type specifier
  __global__ void xs_lookup_kernel_baseline(Inputs in, SimulationData GSD )
  ^

"Simulation.cpp", line 41: error: expected a ";"
  __global__ void xs_lookup_kernel_baseline(Inputs in, SimulationData GSD )
             ^

"Simulation.cpp", line 72: warning: parsing restarts here after previous syntax error [end_of_flush]
          );
           ^

Remark: individual warnings can be suppressed with "--diag_suppress <warning-name>"

"Simulation.cpp", line 76: error: expected a declaration
          for(int j = 0; j < 5; j++ )
          ^

"Simulation.cpp", line 84: warning: parsing restarts here after previous syntax error [end_of_flush]
          GSD.verification[i] = max_idx+1;
                                         ^

"Simulation.cpp", line 85: error: expected a declaration
  }
  ^

"Simulation.cpp", line 112: warning: parsing restarts here after previous syntax error [end_of_flush]
                          low = &nuclide_grids[nuc*n_gridpoints + index_data[idx * n_isotopes + nuc]];
                                                                                                     ^

"Simulation.cpp", line 113: error: expected a declaration
          }
          ^

"Simulation.cpp", line 136: warning: parsing restarts here after previous syntax error [end_of_flush]
                          low = &nuclide_grids[nuc*n_gridpoints + lower - 1];
                                                                            ^

"Simulation.cpp", line 137: error: expected a declaration
                  else
                  ^

"Simulation.cpp", line 139: error: expected a declaration
          }
          ^

"Simulation.cpp", line 143: error: this declaration has no storage class or type specifier
          f = (high->energy - p_energy) / (high->energy - low->energy);
          ^

"Simulation.cpp", line 143: error: identifier "high" is undefined
          f = (high->energy - p_energy) / (high->energy - low->energy);
               ^

"Simulation.cpp", line 143: error: identifier "p_energy" is undefined
          f = (high->energy - p_energy) / (high->energy - low->energy);
                              ^

"Simulation.cpp", line 143: error: identifier "low" is undefined
          f = (high->energy - p_energy) / (high->energy - low->energy);
                                                          ^

"Simulation.cpp", line 145: error: this declaration has no storage class or type specifier
          xs_vector[0] = high->total_xs - f * (high->total_xs - low->total_xs);
          ^

"Simulation.cpp", line 147: error: this declaration has no storage class or type specifier
          xs_vector[1] = high->elastic_xs - f * (high->elastic_xs - low->elastic_xs);
          ^

"Simulation.cpp", line 147: error: variable "xs_vector" has already been defined (previous definition at line 145)
          xs_vector[1] = high->elastic_xs - f * (high->elastic_xs - low->elastic_xs);
          ^

"Simulation.cpp", line 149: error: this declaration has no storage class or type specifier
          xs_vector[2] = high->absorbtion_xs - f * (high->absorbtion_xs - low->absorbtion_xs);
          ^

"Simulation.cpp", line 149: error: variable "xs_vector" has already been defined (previous definition at line 145)
          xs_vector[2] = high->absorbtion_xs - f * (high->absorbtion_xs - low->absorbtion_xs);
          ^

"Simulation.cpp", line 151: error: this declaration has no storage class or type specifier
          xs_vector[3] = high->fission_xs - f * (high->fission_xs - low->fission_xs);
          ^

"Simulation.cpp", line 151: error: variable "xs_vector" has already been defined (previous definition at line 145)
          xs_vector[3] = high->fission_xs - f * (high->fission_xs - low->fission_xs);
          ^

"Simulation.cpp", line 153: error: this declaration has no storage class or type specifier
          xs_vector[4] = high->nu_fission_xs - f * (high->nu_fission_xs - low->nu_fission_xs);
          ^

"Simulation.cpp", line 153: error: variable "xs_vector" has already been defined (previous definition at line 145)
          xs_vector[4] = high->nu_fission_xs - f * (high->nu_fission_xs - low->nu_fission_xs);
          ^

"Simulation.cpp", line 154: error: expected a declaration
  }
  ^

"Simulation.cpp", line 185: warning: parsing restarts here after previous syntax error [end_of_flush]
                                     nuclide_grids, idx, xs_vector, grid_type, hash_bins );
                                                                                          ^

"Simulation.cpp", line 186: error: expected a declaration
                  for( int k = 0; k < 5; k++ )
                  ^

"Simulation.cpp", line 188: error: expected a declaration
          }
          ^

"Simulation.cpp", line 258: warning: parsing restarts here after previous syntax error [end_of_flush]
                          running += dist[j];
                                            ^

"Simulation.cpp", line 259: error: expected a declaration
                  if( roll < running )
                  ^

"Simulation.cpp", line 261: error: expected a declaration
          }
          ^

"Simulation.cpp", line 264: error: expected a declaration
  }
  ^

"Simulation.cpp", line 298: warning: parsing restarts here after previous syntax error [end_of_flush]
                  n >>= 1;
                         ^

"Simulation.cpp", line 299: error: expected a declaration
          }
          ^

"Simulation.cpp", line 302: error: expected a declaration
  }
  ^

"Simulation.cpp", line 326: warning: parsing restarts here after previous syntax error [end_of_flush]
          if( mype == 0)	printf("Beginning optimized simulation...\n");
                        	                                             ^

"Simulation.cpp", line 329: error: identifier "in" is undefined
          int nblocks = ceil( (double) in.lookups / 32.0);
                                       ^

"Simulation.cpp", line 331: error: this declaration has no storage class or type specifier
          sampling_kernel<<<nblocks, nthreads>>>( in, GSD );
          ^

"Simulation.cpp", line 331: error: expected a ";"
          sampling_kernel<<<nblocks, nthreads>>>( in, GSD );
                         ^

"Simulation.cpp", line 332: error: this declaration has no storage class or type specifier
          gpuErrchk( cudaPeekAtLastError() );
          ^

"Simulation.cpp", line 332: error: identifier "cudaPeekAtLastError" is undefined
          gpuErrchk( cudaPeekAtLastError() );
                     ^

"Simulation.cpp", line 333: error: this declaration has no storage class or type specifier
          gpuErrchk( cudaDeviceSynchronize() );
          ^

"Simulation.cpp", line 333: error: variable "gpuErrchk" has already been defined (previous definition at line 332)
          gpuErrchk( cudaDeviceSynchronize() );
          ^

"Simulation.cpp", line 333: error: identifier "cudaDeviceSynchronize" is undefined
          gpuErrchk( cudaDeviceSynchronize() );
                     ^

"Simulation.cpp", line 335: error: this declaration has no storage class or type specifier
          xs_lookup_kernel_optimization_1<<<nblocks, nthreads>>>( in, GSD );
          ^

"Simulation.cpp", line 335: error: expected a ";"
          xs_lookup_kernel_optimization_1<<<nblocks, nthreads>>>( in, GSD );
                                         ^

"Simulation.cpp", line 336: error: this declaration has no storage class or type specifier
          gpuErrchk( cudaPeekAtLastError() );
          ^

"Simulation.cpp", line 336: error: variable "gpuErrchk" has already been defined (previous definition at line 332)
          gpuErrchk( cudaPeekAtLastError() );
          ^

"Simulation.cpp", line 337: error: this declaration has no storage class or type specifier
          gpuErrchk( cudaDeviceSynchronize() );
          ^

"Simulation.cpp", line 337: error: variable "gpuErrchk" has already been defined (previous definition at line 332)
          gpuErrchk( cudaDeviceSynchronize() );
          ^

"Simulation.cpp", line 339: error: expected a declaration
          if( mype == 0)	printf("Reducing verification results...\n");
          ^

"Simulation.cpp", line 341: error: name followed by "::" must be a class or namespace name
          unsigned long verification_scalar = thrust::reduce(thrust::device, GSD.verification, GSD.verification + in.lookups, 0);
                                              ^

"Simulation.cpp", line 341: error: name followed by "::" must be a class or namespace name
          unsigned long verification_scalar = thrust::reduce(thrust::device, GSD.verification, GSD.verification + in.lookups, 0);
                                                             ^

"Simulation.cpp", line 341: error: identifier "GSD" is undefined
          unsigned long verification_scalar = thrust::reduce(thrust::device, GSD.verification, GSD.verification + in.lookups, 0);
                                                                             ^

"Simulation.cpp", line 342: error: this declaration has no storage class or type specifier
          gpuErrchk( cudaPeekAtLastError() );
          ^

"Simulation.cpp", line 342: error: variable "gpuErrchk" has already been defined (previous definition at line 332)
          gpuErrchk( cudaPeekAtLastError() );
          ^

"Simulation.cpp", line 343: error: this declaration has no storage class or type specifier
          gpuErrchk( cudaDeviceSynchronize() );
          ^

"Simulation.cpp", line 343: error: variable "gpuErrchk" has already been defined (previous definition at line 332)
          gpuErrchk( cudaDeviceSynchronize() );
          ^

"Simulation.cpp", line 345: error: expected a declaration
          return verification_scalar;
          ^

"Simulation.cpp", line 346: error: expected a declaration
  }
  ^

"Simulation.cpp", line 392: warning: parsing restarts here after previous syntax error [end_of_flush]
          );
           ^

"Simulation.cpp", line 394: error: variable "max" has already been defined (previous definition at line 74)
          double max = -1.0;
                 ^

"Simulation.cpp", line 395: error: variable "max_idx" has already been defined (previous definition at line 75)
          int max_idx = 0;
              ^

"Simulation.cpp", line 396: error: expected a declaration
          for(int j = 0; j < 5; j++ )
          ^

"Simulation.cpp", line 404: warning: parsing restarts here after previous syntax error [end_of_flush]
          GSD.verification[i] = max_idx+1;
                                         ^

"Simulation.cpp", line 405: error: expected a declaration
  }
  ^

"Simulation.cpp", line 429: warning: parsing restarts here after previous syntax error [end_of_flush]
          if( mype == 0)	printf("Beginning optimized simulation...\n");
                        	                                             ^

"Simulation.cpp", line 431: error: variable "nthreads" has already been defined (previous definition at line 328)
          int nthreads = 32;
              ^

"Simulation.cpp", line 432: error: variable "nblocks" has already been defined (previous definition at line 329)
          int nblocks = ceil( (double) in.lookups / 32.0);
              ^

"Simulation.cpp", line 434: error: this declaration has no storage class or type specifier
          sampling_kernel<<<nblocks, nthreads>>>( in, GSD );
          ^

"Simulation.cpp", line 434: error: variable "sampling_kernel" has already been defined (previous definition at line 331)
          sampling_kernel<<<nblocks, nthreads>>>( in, GSD );
          ^

"Simulation.cpp", line 434: error: expected a ";"
          sampling_kernel<<<nblocks, nthreads>>>( in, GSD );
                         ^

"Simulation.cpp", line 435: error: this declaration has no storage class or type specifier
          gpuErrchk( cudaPeekAtLastError() );
          ^

"Simulation.cpp", line 435: error: variable "gpuErrchk" has already been defined (previous definition at line 332)
          gpuErrchk( cudaPeekAtLastError() );
          ^

"Simulation.cpp", line 436: error: this declaration has no storage class or type specifier
          gpuErrchk( cudaDeviceSynchronize() );
          ^

"Simulation.cpp", line 436: error: variable "gpuErrchk" has already been defined (previous definition at line 332)
          gpuErrchk( cudaDeviceSynchronize() );
          ^

"Simulation.cpp", line 438: error: expected a declaration
          for( int m = 0; m < 12; m++ )
          ^

"Simulation.cpp", line 440: error: this declaration has no storage class or type specifier
          gpuErrchk( cudaPeekAtLastError() );
          ^

"Simulation.cpp", line 440: error: variable "gpuErrchk" has already been defined (previous definition at line 332)
          gpuErrchk( cudaPeekAtLastError() );
          ^

"Simulation.cpp", line 441: error: this declaration has no storage class or type specifier
          gpuErrchk( cudaDeviceSynchronize() );
          ^

"Simulation.cpp", line 441: error: variable "gpuErrchk" has already been defined (previous definition at line 332)
          gpuErrchk( cudaDeviceSynchronize() );
          ^

"Simulation.cpp", line 443: error: expected a declaration
          if( mype == 0)	printf("Reducing verification results...\n");
          ^

"Simulation.cpp", line 445: error: variable "verification_scalar" has already been defined (previous definition at line 341)
          unsigned long verification_scalar = thrust::reduce(thrust::device, GSD.verification, GSD.verification + in.lookups, 0);
                        ^

"Simulation.cpp", line 445: error: name followed by "::" must be a class or namespace name
          unsigned long verification_scalar = thrust::reduce(thrust::device, GSD.verification, GSD.verification + in.lookups, 0);
                                              ^

"Simulation.cpp", line 445: error: name followed by "::" must be a class or namespace name
          unsigned long verification_scalar = thrust::reduce(thrust::device, GSD.verification, GSD.verification + in.lookups, 0);
                                                             ^

"Simulation.cpp", line 446: error: this declaration has no storage class or type specifier
          gpuErrchk( cudaPeekAtLastError() );
          ^

"Simulation.cpp", line 446: error: variable "gpuErrchk" has already been defined (previous definition at line 332)
          gpuErrchk( cudaPeekAtLastError() );
          ^

"Simulation.cpp", line 447: error: this declaration has no storage class or type specifier
          gpuErrchk( cudaDeviceSynchronize() );
          ^

"Simulation.cpp", line 447: error: variable "gpuErrchk" has already been defined (previous definition at line 332)
          gpuErrchk( cudaDeviceSynchronize() );
          ^

"Simulation.cpp", line 449: error: expected a declaration
          return verification_scalar;
          ^

"Simulation.cpp", line 450: error: expected a declaration
  }
  ^

"Simulation.cpp", line 481: warning: parsing restarts here after previous syntax error [end_of_flush]
          );
           ^

"Simulation.cpp", line 483: error: variable "max" has already been defined (previous definition at line 74)
          double max = -1.0;
                 ^

"Simulation.cpp", line 484: error: variable "max_idx" has already been defined (previous definition at line 75)
          int max_idx = 0;
              ^

"Simulation.cpp", line 485: error: expected a declaration
          for(int j = 0; j < 5; j++ )
          ^

"Simulation.cpp", line 493: warning: parsing restarts here after previous syntax error [end_of_flush]
          GSD.verification[i] = max_idx+1;
                                         ^

"Simulation.cpp", line 494: error: expected a declaration
  }
  ^

"Simulation.cpp", line 518: warning: parsing restarts here after previous syntax error [end_of_flush]
          if( mype == 0)	printf("Beginning optimized simulation...\n");
                        	                                             ^

"Simulation.cpp", line 520: error: variable "nthreads" has already been defined (previous definition at line 328)
          int nthreads = 32;
              ^

"Simulation.cpp", line 521: error: variable "nblocks" has already been defined (previous definition at line 329)
          int nblocks = ceil( (double) in.lookups / 32.0);
              ^

"Simulation.cpp", line 523: error: this declaration has no storage class or type specifier
          sampling_kernel<<<nblocks, nthreads>>>( in, GSD );
          ^

"Simulation.cpp", line 523: error: variable "sampling_kernel" has already been defined (previous definition at line 331)
          sampling_kernel<<<nblocks, nthreads>>>( in, GSD );
          ^

"Simulation.cpp", line 523: error: expected a ";"
          sampling_kernel<<<nblocks, nthreads>>>( in, GSD );
                         ^

Error limit reached. Use -fmax-errors=N to change the limit, N=0 for unlimited.
100 errors detected in the compilation of "Simulation.cpp".
Compilation terminated.
make: *** [Makefile.nvc:28: Simulation.o] Error 2
